<?xml version="1.0" encoding="UTF-8"?>
<coverage generated="1780546405003" clover="3.2.0">
  <project timestamp="1780546405003" name="All files">
    <metrics statements="48" coveredstatements="38" conditionals="29" coveredconditionals="15" methods="10" coveredmethods="7" elements="87" coveredelements="60" complexity="0" loc="48" ncloc="48" packages="2" files="2" classes="2"/>
    <package name="srv">
      <metrics statements="46" coveredstatements="36" conditionals="29" coveredconditionals="15" methods="10" coveredmethods="7"/>
      <file name="stock-service.js" path="/home/user/project/assets/material-stock-dashboard-cap/srv/stock-service.js">
        <metrics statements="46" coveredstatements="36" conditionals="29" coveredconditionals="15" methods="10" coveredmethods="7"/>
        <line num="3" count="1" type="stmt"/>
        <line num="4" count="1" type="stmt"/>
        <line num="6" count="1" type="stmt"/>
        <line num="9" count="1" type="stmt"/>
        <line num="12" count="1" type="stmt"/>
        <line num="14" count="5" type="stmt"/>
        <line num="15" count="5" type="cond" truecount="1" falsecount="1"/>
        <line num="20" count="5" type="stmt"/>
        <line num="21" count="5" type="stmt"/>
        <line num="22" count="0" type="stmt"/>
        <line num="23" count="0" type="stmt"/>
        <line num="30" count="0" type="stmt"/>
        <line num="43" count="75" type="stmt"/>
        <line num="56" count="75" type="stmt"/>
        <line num="59" count="5" type="stmt"/>
        <line num="60" count="5" type="stmt"/>
        <line num="61" count="5" type="cond" truecount="1" falsecount="1"/>
        <line num="62" count="0" type="stmt"/>
        <line num="66" count="5" type="stmt"/>
        <line num="67" count="75" type="stmt"/>
        <line num="69" count="5" type="stmt"/>
        <line num="72" count="1" type="stmt"/>
        <line num="82" count="75" type="cond" truecount="1" falsecount="1"/>
        <line num="83" count="75" type="cond" truecount="1" falsecount="1"/>
        <line num="84" count="75" type="cond" truecount="1" falsecount="1"/>
        <line num="86" count="75" type="stmt"/>
        <line num="87" count="75" type="stmt"/>
        <line num="88" count="75" type="cond" truecount="2" falsecount="0"/>
        <line num="90" count="75" type="stmt"/>
        <line num="91" count="75" type="stmt"/>
        <line num="93" count="75" type="cond" truecount="4" falsecount="0"/>
        <line num="94" count="15" type="stmt"/>
        <line num="95" count="15" type="stmt"/>
        <line num="96" count="60" type="cond" truecount="2" falsecount="0"/>
        <line num="97" count="15" type="stmt"/>
        <line num="98" count="15" type="stmt"/>
        <line num="99" count="45" type="cond" truecount="2" falsecount="0"/>
        <line num="100" count="10" type="stmt"/>
        <line num="101" count="10" type="stmt"/>
        <line num="104" count="75" type="stmt"/>
        <line num="113" count="0" type="cond" truecount="0" falsecount="2"/>
        <line num="114" count="0" type="stmt"/>
        <line num="115" count="0" type="stmt"/>
        <line num="116" count="0" type="cond" truecount="0" falsecount="5"/>
        <line num="117" count="0" type="stmt"/>
        <line num="122" count="0" type="stmt"/>
      </file>
    </package>
    <package name="test.data">
      <metrics statements="2" coveredstatements="2" conditionals="0" coveredconditionals="0" methods="0" coveredmethods="0"/>
      <file name="material-stock-mock.js" path="/home/user/project/assets/material-stock-dashboard-cap/test/data/material-stock-mock.js">
        <metrics statements="2" coveredstatements="2" conditionals="0" coveredconditionals="0" methods="0" coveredmethods="0"/>
        <line num="10" count="1" type="stmt"/>
        <line num="35" count="1" type="stmt"/>
      </file>
    </package>
  </project>
</coverage>
