{"/home/user/project/assets/material-stock-dashboard-cap/srv/stock-service.js": {"path":"/home/user/project/assets/material-stock-dashboard-cap/srv/stock-service.js","statementMap":{"0":{"start":{"line":3,"column":12},"end":{"line":3,"column":31}},"1":{"start":{"line":4,"column":26},"end":{"line":4,"column":69}},"2":{"start":{"line":6,"column":0},"end":{"line":74,"column":2}},"3":{"start":{"line":9,"column":56},"end":{"line":9,"column":69}},"4":{"start":{"line":12,"column":4},"end":{"line":70,"column":7}},"5":{"start":{"line":14,"column":22},"end":{"line":14,"column":78}},"6":{"start":{"line":15,"column":29},"end":{"line":15,"column":88}},"7":{"start":{"line":20,"column":6},"end":{"line":53,"column":7}},"8":{"start":{"line":21,"column":19},"end":{"line":21,"column":65}},"9":{"start":{"line":22,"column":43},"end":{"line":22,"column":54}},"10":{"start":{"line":23,"column":8},"end":{"line":28,"column":10}},"11":{"start":{"line":30,"column":8},"end":{"line":40,"column":12}},"12":{"start":{"line":30,"column":38},"end":{"line":40,"column":9}},"13":{"start":{"line":43,"column":8},"end":{"line":52,"column":12}},"14":{"start":{"line":43,"column":43},"end":{"line":52,"column":9}},"15":{"start":{"line":56,"column":25},"end":{"line":56,"column":77}},"16":{"start":{"line":56,"column":46},"end":{"line":56,"column":76}},"17":{"start":{"line":59,"column":19},"end":{"line":59,"column":29}},"18":{"start":{"line":60,"column":21},"end":{"line":60,"column":44}},"19":{"start":{"line":61,"column":6},"end":{"line":63,"column":7}},"20":{"start":{"line":62,"column":8},"end":{"line":62,"column":49}},"21":{"start":{"line":66,"column":6},"end":{"line":66,"column":113}},"22":{"start":{"line":67,"column":6},"end":{"line":67,"column":229}},"23":{"start":{"line":67,"column":85},"end":{"line":67,"column":115}},"24":{"start":{"line":67,"column":158},"end":{"line":67,"column":197}},"25":{"start":{"line":69,"column":6},"end":{"line":69,"column":20}},"26":{"start":{"line":72,"column":4},"end":{"line":72,"column":23}},"27":{"start":{"line":82,"column":23},"end":{"line":82,"column":55}},"28":{"start":{"line":83,"column":23},"end":{"line":83,"column":55}},"29":{"start":{"line":84,"column":23},"end":{"line":84,"column":55}},"30":{"start":{"line":86,"column":29},"end":{"line":86,"column":47}},"31":{"start":{"line":87,"column":29},"end":{"line":87,"column":63}},"32":{"start":{"line":88,"column":30},"end":{"line":88,"column":72}},"33":{"start":{"line":90,"column":20},"end":{"line":90,"column":32}},"34":{"start":{"line":91,"column":20},"end":{"line":91,"column":24}},"35":{"start":{"line":93,"column":2},"end":{"line":102,"column":3}},"36":{"start":{"line":94,"column":4},"end":{"line":94,"column":40}},"37":{"start":{"line":95,"column":4},"end":{"line":95,"column":25}},"38":{"start":{"line":96,"column":9},"end":{"line":102,"column":3}},"39":{"start":{"line":97,"column":4},"end":{"line":97,"column":40}},"40":{"start":{"line":98,"column":4},"end":{"line":98,"column":41}},"41":{"start":{"line":99,"column":9},"end":{"line":102,"column":3}},"42":{"start":{"line":100,"column":4},"end":{"line":100,"column":40}},"43":{"start":{"line":101,"column":4},"end":{"line":101,"column":44}},"44":{"start":{"line":104,"column":2},"end":{"line":104,"column":46}},"45":{"start":{"line":113,"column":2},"end":{"line":113,"column":41}},"46":{"start":{"line":113,"column":29},"end":{"line":113,"column":41}},"47":{"start":{"line":114,"column":2},"end":{"line":121,"column":3}},"48":{"start":{"line":115,"column":30},"end":{"line":115,"column":35}},"49":{"start":{"line":116,"column":4},"end":{"line":118,"column":5}},"50":{"start":{"line":117,"column":6},"end":{"line":117,"column":60}},"51":{"start":{"line":117,"column":30},"end":{"line":117,"column":58}},"52":{"start":{"line":122,"column":2},"end":{"line":122,"column":14}}},"fnMap":{"0":{"name":"(anonymous_0)","decl":{"start":{"line":8,"column":2},"end":{"line":8,"column":3}},"loc":{"start":{"line":8,"column":15},"end":{"line":73,"column":3}},"line":8},"1":{"name":"(anonymous_1)","decl":{"start":{"line":12,"column":39},"end":{"line":12,"column":40}},"loc":{"start":{"line":12,"column":54},"end":{"line":70,"column":5}},"line":12},"2":{"name":"(anonymous_2)","decl":{"start":{"line":30,"column":32},"end":{"line":30,"column":33}},"loc":{"start":{"line":30,"column":38},"end":{"line":40,"column":9}},"line":30},"3":{"name":"(anonymous_3)","decl":{"start":{"line":43,"column":37},"end":{"line":43,"column":38}},"loc":{"start":{"line":43,"column":43},"end":{"line":52,"column":9}},"line":43},"4":{"name":"(anonymous_4)","decl":{"start":{"line":56,"column":38},"end":{"line":56,"column":39}},"loc":{"start":{"line":56,"column":46},"end":{"line":56,"column":76}},"line":56},"5":{"name":"(anonymous_5)","decl":{"start":{"line":67,"column":80},"end":{"line":67,"column":81}},"loc":{"start":{"line":67,"column":85},"end":{"line":67,"column":115}},"line":67},"6":{"name":"(anonymous_6)","decl":{"start":{"line":67,"column":153},"end":{"line":67,"column":154}},"loc":{"start":{"line":67,"column":158},"end":{"line":67,"column":197}},"line":67},"7":{"name":"classify","decl":{"start":{"line":81,"column":9},"end":{"line":81,"column":17}},"loc":{"start":{"line":81,"column":40},"end":{"line":105,"column":1}},"line":81},"8":{"name":"applyFilter","decl":{"start":{"line":111,"column":9},"end":{"line":111,"column":20}},"loc":{"start":{"line":111,"column":34},"end":{"line":123,"column":1}},"line":111},"9":{"name":"(anonymous_9)","decl":{"start":{"line":117,"column":25},"end":{"line":117,"column":26}},"loc":{"start":{"line":117,"column":30},"end":{"line":117,"column":58}},"line":117}},"branchMap":{"0":{"loc":{"start":{"line":15,"column":29},"end":{"line":15,"column":88}},"type":"cond-expr","locations":[{"start":{"line":15,"column":50},"end":{"line":15,"column":83}},{"start":{"line":15,"column":86},"end":{"line":15,"column":88}}],"line":15},"1":{"loc":{"start":{"line":35,"column":35},"end":{"line":35,"column":70}},"type":"binary-expr","locations":[{"start":{"line":35,"column":35},"end":{"line":35,"column":65}},{"start":{"line":35,"column":69},"end":{"line":35,"column":70}}],"line":35},"2":{"loc":{"start":{"line":61,"column":6},"end":{"line":63,"column":7}},"type":"if","locations":[{"start":{"line":61,"column":6},"end":{"line":63,"column":7}},{"start":{},"end":{}}],"line":61},"3":{"loc":{"start":{"line":82,"column":23},"end":{"line":82,"column":55}},"type":"binary-expr","locations":[{"start":{"line":82,"column":23},"end":{"line":82,"column":49}},{"start":{"line":82,"column":54},"end":{"line":82,"column":55}}],"line":82},"4":{"loc":{"start":{"line":83,"column":23},"end":{"line":83,"column":55}},"type":"binary-expr","locations":[{"start":{"line":83,"column":23},"end":{"line":83,"column":48}},{"start":{"line":83,"column":54},"end":{"line":83,"column":55}}],"line":83},"5":{"loc":{"start":{"line":84,"column":23},"end":{"line":84,"column":55}},"type":"binary-expr","locations":[{"start":{"line":84,"column":23},"end":{"line":84,"column":47}},{"start":{"line":84,"column":54},"end":{"line":84,"column":55}}],"line":84},"6":{"loc":{"start":{"line":88,"column":30},"end":{"line":88,"column":72}},"type":"binary-expr","locations":[{"start":{"line":88,"column":30},"end":{"line":88,"column":45}},{"start":{"line":88,"column":49},"end":{"line":88,"column":72}}],"line":88},"7":{"loc":{"start":{"line":93,"column":2},"end":{"line":102,"column":3}},"type":"if","locations":[{"start":{"line":93,"column":2},"end":{"line":102,"column":3}},{"start":{"line":96,"column":9},"end":{"line":102,"column":3}}],"line":93},"8":{"loc":{"start":{"line":93,"column":6},"end":{"line":93,"column":46}},"type":"binary-expr","locations":[{"start":{"line":93,"column":6},"end":{"line":93,"column":23}},{"start":{"line":93,"column":27},"end":{"line":93,"column":46}}],"line":93},"9":{"loc":{"start":{"line":96,"column":9},"end":{"line":102,"column":3}},"type":"if","locations":[{"start":{"line":96,"column":9},"end":{"line":102,"column":3}},{"start":{"line":99,"column":9},"end":{"line":102,"column":3}}],"line":96},"10":{"loc":{"start":{"line":99,"column":9},"end":{"line":102,"column":3}},"type":"if","locations":[{"start":{"line":99,"column":9},"end":{"line":102,"column":3}},{"start":{},"end":{}}],"line":99},"11":{"loc":{"start":{"line":113,"column":2},"end":{"line":113,"column":41}},"type":"if","locations":[{"start":{"line":113,"column":2},"end":{"line":113,"column":41}},{"start":{},"end":{}}],"line":113},"12":{"loc":{"start":{"line":116,"column":4},"end":{"line":118,"column":5}},"type":"if","locations":[{"start":{"line":116,"column":4},"end":{"line":118,"column":5}},{"start":{},"end":{}}],"line":116},"13":{"loc":{"start":{"line":116,"column":8},"end":{"line":116,"column":71}},"type":"binary-expr","locations":[{"start":{"line":116,"column":8},"end":{"line":116,"column":40}},{"start":{"line":116,"column":45},"end":{"line":116,"column":55}},{"start":{"line":116,"column":59},"end":{"line":116,"column":70}}],"line":116}},"s":{"0":1,"1":1,"2":1,"3":1,"4":1,"5":5,"6":5,"7":5,"8":5,"9":0,"10":0,"11":0,"12":0,"13":5,"14":75,"15":5,"16":75,"17":5,"18":5,"19":5,"20":0,"21":5,"22":5,"23":75,"24":75,"25":5,"26":1,"27":75,"28":75,"29":75,"30":75,"31":75,"32":75,"33":75,"34":75,"35":75,"36":15,"37":15,"38":60,"39":15,"40":15,"41":45,"42":10,"43":10,"44":75,"45":0,"46":0,"47":0,"48":0,"49":0,"50":0,"51":0,"52":0},"f":{"0":1,"1":5,"2":0,"3":75,"4":75,"5":75,"6":75,"7":75,"8":0,"9":0},"b":{"0":[5,0],"1":[0,0],"2":[0,5],"3":[75,0],"4":[75,0],"5":[75,0],"6":[75,75],"7":[15,60],"8":[75,30],"9":[15,45],"10":[10,35],"11":[0,0],"12":[0,0],"13":[0,0,0]},"_coverageSchema":"1a1c01bbd47fc00a2c39e90264f33305004495a9","hash":"8032f26aa973e215f4aed452ed1946143e001936"}
,"/home/user/project/assets/material-stock-dashboard-cap/test/data/material-stock-mock.js": {"path":"/home/user/project/assets/material-stock-dashboard-cap/test/data/material-stock-mock.js","statementMap":{"0":{"start":{"line":10,"column":22},"end":{"line":33,"column":1}},"1":{"start":{"line":35,"column":0},"end":{"line":35,"column":35}}},"fnMap":{},"branchMap":{},"s":{"0":1,"1":1},"f":{},"b":{},"_coverageSchema":"1a1c01bbd47fc00a2c39e90264f33305004495a9","hash":"9baa6c2adf6b8d6a99e1d5e7075eb792a656a7b5"}
}
