TN:
SF:srv/stock-service.js
FN:8,(anonymous_0)
FN:12,(anonymous_1)
FN:30,(anonymous_2)
FN:43,(anonymous_3)
FN:56,(anonymous_4)
FN:67,(anonymous_5)
FN:67,(anonymous_6)
FN:81,classify
FN:111,applyFilter
FN:117,(anonymous_9)
FNF:10
FNH:7
FNDA:1,(anonymous_0)
FNDA:5,(anonymous_1)
FNDA:0,(anonymous_2)
FNDA:75,(anonymous_3)
FNDA:75,(anonymous_4)
FNDA:75,(anonymous_5)
FNDA:75,(anonymous_6)
FNDA:75,classify
FNDA:0,applyFilter
FNDA:0,(anonymous_9)
DA:3,1
DA:4,1
DA:6,1
DA:9,1
DA:12,1
DA:14,5
DA:15,5
DA:20,5
DA:21,5
DA:22,0
DA:23,0
DA:30,0
DA:43,75
DA:56,75
DA:59,5
DA:60,5
DA:61,5
DA:62,0
DA:66,5
DA:67,75
DA:69,5
DA:72,1
DA:82,75
DA:83,75
DA:84,75
DA:86,75
DA:87,75
DA:88,75
DA:90,75
DA:91,75
DA:93,75
DA:94,15
DA:95,15
DA:96,60
DA:97,15
DA:98,15
DA:99,45
DA:100,10
DA:101,10
DA:104,75
DA:113,0
DA:114,0
DA:115,0
DA:116,0
DA:117,0
DA:122,0
LF:46
LH:36
BRDA:15,0,0,5
BRDA:15,0,1,0
BRDA:35,1,0,0
BRDA:35,1,1,0
BRDA:61,2,0,0
BRDA:61,2,1,5
BRDA:82,3,0,75
BRDA:82,3,1,0
BRDA:83,4,0,75
BRDA:83,4,1,0
BRDA:84,5,0,75
BRDA:84,5,1,0
BRDA:88,6,0,75
BRDA:88,6,1,75
BRDA:93,7,0,15
BRDA:93,7,1,60
BRDA:93,8,0,75
BRDA:93,8,1,30
BRDA:96,9,0,15
BRDA:96,9,1,45
BRDA:99,10,0,10
BRDA:99,10,1,35
BRDA:113,11,0,0
BRDA:113,11,1,0
BRDA:116,12,0,0
BRDA:116,12,1,0
BRDA:116,13,0,0
BRDA:116,13,1,0
BRDA:116,13,2,0
BRF:29
BRH:15
end_of_record
TN:
SF:test/data/material-stock-mock.js
FNF:0
FNH:0
DA:10,1
DA:35,1
LF:2
LH:2
BRF:0
BRH:0
end_of_record
